<?xml version="1.0" encoding="UTF-8"?>
<!-- Generated by org.testng.reporters.JUnitReportReporter -->
<testsuite skipped="0" hostname="Opti-QApp" name="testcases.UDFDemo" tests="2" failures="0" timestamp="17 Jun 2020 06:45:02 GMT" time="48.671" errors="0">
  <testcase name="LoginSE" time="33.040" classname="testcases.UDFDemo"/>
  <testcase name="addForecastDemandGroup" time="15.631" classname="testcases.UDFDemo"/>
</testsuite> <!-- testcases.UDFDemo -->
